<?xml version="1.0" encoding="UTF-8"?>
<!-- Generated by org.testng.reporters.JUnitReportReporter -->
<testsuite hostname="DESKTOP-628K9RV" failures="0" tests="2" name="qaclickacademy.RestApiTest" time="0.020" errors="0" timestamp="2021-06-15T07:07:41 IST" skipped="0">
  <testcase classname="qaclickacademy.RestApiTest" name="browserauthenrest" time="0.005"/>
  <system-out/>
  <testcase classname="qaclickacademy.RestApiTest" name="UiElementsrest" time="0.015"/>
  <system-out/>
</testsuite> <!-- qaclickacademy.RestApiTest -->
