<?xml version="1.0" encoding="UTF-8"?>
<!-- Generated by org.testng.reporters.JUnitReportReporter -->
<testsuite hostname="DESKTOP-628K9RV" failures="0" tests="2" name="qaclick.RestApiTest" time="0.017" errors="0" timestamp="2021-06-15T07:56:01 IST" skipped="0">
  <testcase classname="qaclick.RestApiTest" name="UiElementsrest" time="0.013"/>
  <system-out/>
  <testcase classname="qaclick.RestApiTest" name="browserauthenrest" time="0.004"/>
  <system-out/>
</testsuite> <!-- qaclick.RestApiTest -->
