<?xml version="1.0" encoding="UTF-8"?>
<!-- Generated by org.testng.reporters.JUnitReportReporter -->
<testsuite hostname="DESKTOP-628K9RV" failures="0" tests="2" name="qaclick.SeleniumTest" time="0.021" errors="0" timestamp="2021-06-15T07:56:11 IST" skipped="0">
  <testcase classname="qaclick.SeleniumTest" name="UiElementsselenium" time="0.018"/>
  <system-out/>
  <testcase classname="qaclick.SeleniumTest" name="seleniumtest" time="0.003"/>
  <system-out/>
</testsuite> <!-- qaclick.SeleniumTest -->
