<?xml version="1.0" encoding="UTF-8"?>
<!-- Generated by org.testng.reporters.JUnitReportReporter -->
<testsuite hostname="DESKTOP-628K9RV" failures="0" tests="2" name="mavenpractice.qaclickacademy.Selenium1Test" time="0.018" errors="0" timestamp="2021-06-15T06:53:51 IST" skipped="0">
  <testcase classname="mavenpractice.qaclickacademy.Selenium1Test" name="UiElementsselenium" time="0.014"/>
  <system-out/>
  <testcase classname="mavenpractice.qaclickacademy.Selenium1Test" name="seleniumtest" time="0.004"/>
  <system-out/>
</testsuite> <!-- mavenpractice.qaclickacademy.Selenium1Test -->
