<?xml version="1.0" encoding="UTF-8"?>
<!-- Generated by org.testng.reporters.JUnitReportReporter -->
<testsuite hostname="DESKTOP-628K9RV" failures="0" tests="2" name="mavenpractice.qaclickacademy.AndroidTest" time="0.021" errors="0" timestamp="2021-06-15T06:53:22 IST" skipped="0">
  <testcase classname="mavenpractice.qaclickacademy.AndroidTest" name="UiElementsrestandroid" time="0.015"/>
  <system-out/>
  <testcase classname="mavenpractice.qaclickacademy.AndroidTest" name="browserauthenrestandroid" time="0.006"/>
  <system-out/>
</testsuite> <!-- mavenpractice.qaclickacademy.AndroidTest -->
