<?xml version="1.0" encoding="UTF-8"?>
<!-- Generated by org.testng.reporters.JUnitReportReporter -->
<testsuite hostname="DESKTOP-628K9RV" failures="0" tests="2" name="qaclick.AndroidTest" time="0.002" errors="0" timestamp="2021-06-15T18:46:13 IST" skipped="0">
  <testcase classname="qaclick.AndroidTest" name="UiElementsrestandroid" time="0.001"/>
  <system-out/>
  <testcase classname="qaclick.AndroidTest" name="browserauthenrestandroid" time="0.001"/>
  <system-out/>
</testsuite> <!-- qaclick.AndroidTest -->
